{"__type":"$$EventMessageWorkflow","id":"5e3e62dc-ebde-468e-822d-8f8fceaa4b91","ts":"2025-11-15T22:01:14.843+00:00","eventName":"n8n.workflow.started","message":"n8n.workflow.started","payload":{"executionId":"9","workflowId":"qMJZONIR2ik6rTj9","isManual":false,"workflowName":"My workflow"}}
{"__type":"$$EventMessageConfirm","confirm":"5e3e62dc-ebde-468e-822d-8f8fceaa4b91","ts":"2025-11-15T22:01:14.843+00:00","source":{"id":"0","name":"eventBus"}}
{"__type":"$$EventMessageNode","id":"c4bf9127-3247-475c-9407-38dbc590a3a2","ts":"2025-11-15T22:01:14.844+00:00","eventName":"n8n.node.started","message":"n8n.node.started","payload":{"workflowId":"qMJZONIR2ik6rTj9","workflowName":"My workflow","executionId":"9","nodeType":"n8n-nodes-base.httpRequest","nodeName":"HTTP Request","nodeId":"f6b7b016-133c-4985-a653-84434d40e62c"}}
{"__type":"$$EventMessageConfirm","confirm":"c4bf9127-3247-475c-9407-38dbc590a3a2","ts":"2025-11-15T22:01:14.844+00:00","source":{"id":"0","name":"eventBus"}}
{"__type":"$$EventMessageNode","id":"24db1c39-fae6-4a1a-b366-ea5fbb160154","ts":"2025-11-15T22:01:14.884+00:00","eventName":"n8n.node.finished","message":"n8n.node.finished","payload":{"workflowId":"qMJZONIR2ik6rTj9","workflowName":"My workflow","executionId":"9","nodeType":"n8n-nodes-base.httpRequest","nodeName":"HTTP Request","nodeId":"f6b7b016-133c-4985-a653-84434d40e62c"}}
{"__type":"$$EventMessageConfirm","confirm":"24db1c39-fae6-4a1a-b366-ea5fbb160154","ts":"2025-11-15T22:01:14.884+00:00","source":{"id":"0","name":"eventBus"}}
{"__type":"$$EventMessageWorkflow","id":"38e1ab48-c128-4f8d-b721-7c4b454e8f2d","ts":"2025-11-15T22:01:14.886+00:00","eventName":"n8n.workflow.failed","message":"n8n.workflow.failed","payload":{"userId":"316d4b32-7150-4ad3-898f-4eb9576d71a3","executionId":"9","success":false,"isManual":true,"workflowId":"qMJZONIR2ik6rTj9","workflowName":"My workflow","lastNodeExecuted":"HTTP Request","errorNodeType":"n8n-nodes-base.httpRequest","errorMessage":"The connection cannot be established, this usually occurs due to an incorrect host (domain) value"}}
{"__type":"$$EventMessageConfirm","confirm":"38e1ab48-c128-4f8d-b721-7c4b454e8f2d","ts":"2025-11-15T22:01:14.886+00:00","source":{"id":"0","name":"eventBus"}}
{"__type":"$$EventMessageWorkflow","id":"91cb99ce-2eba-4d33-bcfe-7a746a862ebd","ts":"2025-11-15T22:01:59.172+00:00","eventName":"n8n.workflow.started","message":"n8n.workflow.started","payload":{"executionId":"10","workflowId":"qMJZONIR2ik6rTj9","isManual":false,"workflowName":"My workflow"}}
{"__type":"$$EventMessageConfirm","confirm":"91cb99ce-2eba-4d33-bcfe-7a746a862ebd","ts":"2025-11-15T22:01:59.172+00:00","source":{"id":"0","name":"eventBus"}}
{"__type":"$$EventMessageNode","id":"471ac29b-b85d-46ed-a14d-2d73e7d749d3","ts":"2025-11-15T22:01:59.173+00:00","eventName":"n8n.node.started","message":"n8n.node.started","payload":{"workflowId":"qMJZONIR2ik6rTj9","workflowName":"My workflow","executionId":"10","nodeType":"n8n-nodes-base.manualTrigger","nodeName":"When clicking ‘Execute workflow’","nodeId":"1f44f7b2-e60b-40d2-b8b0-40ccf35e33e1"}}
{"__type":"$$EventMessageConfirm","confirm":"471ac29b-b85d-46ed-a14d-2d73e7d749d3","ts":"2025-11-15T22:01:59.173+00:00","source":{"id":"0","name":"eventBus"}}
{"__type":"$$EventMessageNode","id":"b6f2539b-10ab-454c-abbd-d4a0340e2f0d","ts":"2025-11-15T22:01:59.174+00:00","eventName":"n8n.node.finished","message":"n8n.node.finished","payload":{"workflowId":"qMJZONIR2ik6rTj9","workflowName":"My workflow","executionId":"10","nodeType":"n8n-nodes-base.manualTrigger","nodeName":"When clicking ‘Execute workflow’","nodeId":"1f44f7b2-e60b-40d2-b8b0-40ccf35e33e1"}}
{"__type":"$$EventMessageConfirm","confirm":"b6f2539b-10ab-454c-abbd-d4a0340e2f0d","ts":"2025-11-15T22:01:59.174+00:00","source":{"id":"0","name":"eventBus"}}
{"__type":"$$EventMessageNode","id":"e5b482e4-689b-4885-854c-38ef3192babc","ts":"2025-11-15T22:01:59.175+00:00","eventName":"n8n.node.started","message":"n8n.node.started","payload":{"workflowId":"qMJZONIR2ik6rTj9","workflowName":"My workflow","executionId":"10","nodeType":"n8n-nodes-base.httpRequest","nodeName":"HTTP Request","nodeId":"c5436e94-7384-475f-a24c-4acd79f66971"}}
{"__type":"$$EventMessageConfirm","confirm":"e5b482e4-689b-4885-854c-38ef3192babc","ts":"2025-11-15T22:01:59.175+00:00","source":{"id":"0","name":"eventBus"}}
{"__type":"$$EventMessageNode","id":"161d192b-642b-40b6-9d09-410b03f36999","ts":"2025-11-15T22:01:59.182+00:00","eventName":"n8n.node.finished","message":"n8n.node.finished","payload":{"workflowId":"qMJZONIR2ik6rTj9","workflowName":"My workflow","executionId":"10","nodeType":"n8n-nodes-base.httpRequest","nodeName":"HTTP Request","nodeId":"c5436e94-7384-475f-a24c-4acd79f66971"}}
{"__type":"$$EventMessageConfirm","confirm":"161d192b-642b-40b6-9d09-410b03f36999","ts":"2025-11-15T22:01:59.182+00:00","source":{"id":"0","name":"eventBus"}}
{"__type":"$$EventMessageWorkflow","id":"beb939f7-c7ef-49d7-bec2-490c42dd258a","ts":"2025-11-15T22:01:59.185+00:00","eventName":"n8n.workflow.failed","message":"n8n.workflow.failed","payload":{"userId":"316d4b32-7150-4ad3-898f-4eb9576d71a3","executionId":"10","success":false,"isManual":true,"workflowId":"qMJZONIR2ik6rTj9","workflowName":"My workflow","lastNodeExecuted":"HTTP Request","errorNodeType":"n8n-nodes-base.httpRequest","errorMessage":"The connection cannot be established, this usually occurs due to an incorrect host (domain) value"}}
{"__type":"$$EventMessageConfirm","confirm":"beb939f7-c7ef-49d7-bec2-490c42dd258a","ts":"2025-11-15T22:01:59.185+00:00","source":{"id":"0","name":"eventBus"}}
{"__type":"$$EventMessageWorkflow","id":"13828385-255a-420b-b593-149d50d0ce50","ts":"2025-11-15T22:05:02.071+00:00","eventName":"n8n.workflow.started","message":"n8n.workflow.started","payload":{"executionId":"11","workflowId":"qMJZONIR2ik6rTj9","isManual":false,"workflowName":"My workflow"}}
{"__type":"$$EventMessageConfirm","confirm":"13828385-255a-420b-b593-149d50d0ce50","ts":"2025-11-15T22:05:02.071+00:00","source":{"id":"0","name":"eventBus"}}
{"__type":"$$EventMessageNode","id":"174732bf-60e1-47ed-b2eb-83e796bc4021","ts":"2025-11-15T22:05:02.072+00:00","eventName":"n8n.node.started","message":"n8n.node.started","payload":{"workflowId":"qMJZONIR2ik6rTj9","workflowName":"My workflow","executionId":"11","nodeType":"n8n-nodes-base.httpRequest","nodeName":"HTTP Request","nodeId":"c5436e94-7384-475f-a24c-4acd79f66971"}}
{"__type":"$$EventMessageConfirm","confirm":"174732bf-60e1-47ed-b2eb-83e796bc4021","ts":"2025-11-15T22:05:02.072+00:00","source":{"id":"0","name":"eventBus"}}
{"__type":"$$EventMessageWorkflow","id":"d6591044-4fb1-4664-be35-d6a5d21f521f","ts":"2025-11-15T22:05:14.072+00:00","eventName":"n8n.workflow.failed","message":"n8n.workflow.failed","payload":{"userId":"316d4b32-7150-4ad3-898f-4eb9576d71a3","executionId":"11","success":false,"isManual":true,"workflowId":"qMJZONIR2ik6rTj9","workflowName":"My workflow"}}
{"__type":"$$EventMessageConfirm","confirm":"d6591044-4fb1-4664-be35-d6a5d21f521f","ts":"2025-11-15T22:05:14.072+00:00","source":{"id":"0","name":"eventBus"}}
{"__type":"$$EventMessageNode","id":"0bcb2f61-dd79-4cf0-bed6-5fee42630202","ts":"2025-11-15T22:05:15.183+00:00","eventName":"n8n.node.finished","message":"n8n.node.finished","payload":{"workflowId":"qMJZONIR2ik6rTj9","workflowName":"My workflow","executionId":"11","nodeType":"n8n-nodes-base.httpRequest","nodeName":"HTTP Request","nodeId":"c5436e94-7384-475f-a24c-4acd79f66971"}}
{"__type":"$$EventMessageConfirm","confirm":"0bcb2f61-dd79-4cf0-bed6-5fee42630202","ts":"2025-11-15T22:05:15.183+00:00","source":{"id":"0","name":"eventBus"}}
{"__type":"$$EventMessageWorkflow","id":"4a1da5a1-7ed9-4c7c-ac83-586779aa0c1a","ts":"2025-11-15T22:05:23.925+00:00","eventName":"n8n.workflow.started","message":"n8n.workflow.started","payload":{"executionId":"12","workflowId":"qMJZONIR2ik6rTj9","isManual":false,"workflowName":"My workflow"}}
{"__type":"$$EventMessageConfirm","confirm":"4a1da5a1-7ed9-4c7c-ac83-586779aa0c1a","ts":"2025-11-15T22:05:23.925+00:00","source":{"id":"0","name":"eventBus"}}
{"__type":"$$EventMessageNode","id":"2380336c-5bfd-4cb2-9606-35740331e74c","ts":"2025-11-15T22:05:23.925+00:00","eventName":"n8n.node.started","message":"n8n.node.started","payload":{"workflowId":"qMJZONIR2ik6rTj9","workflowName":"My workflow","executionId":"12","nodeType":"n8n-nodes-base.httpRequest","nodeName":"HTTP Request","nodeId":"c5436e94-7384-475f-a24c-4acd79f66971"}}
{"__type":"$$EventMessageConfirm","confirm":"2380336c-5bfd-4cb2-9606-35740331e74c","ts":"2025-11-15T22:05:23.925+00:00","source":{"id":"0","name":"eventBus"}}
{"__type":"$$EventMessageNode","id":"7a3bbf0d-f171-4b12-8382-cb5399891c26","ts":"2025-11-15T22:05:37.246+00:00","eventName":"n8n.node.finished","message":"n8n.node.finished","payload":{"workflowId":"qMJZONIR2ik6rTj9","workflowName":"My workflow","executionId":"12","nodeType":"n8n-nodes-base.httpRequest","nodeName":"HTTP Request","nodeId":"c5436e94-7384-475f-a24c-4acd79f66971"}}
{"__type":"$$EventMessageConfirm","confirm":"7a3bbf0d-f171-4b12-8382-cb5399891c26","ts":"2025-11-15T22:05:37.246+00:00","source":{"id":"0","name":"eventBus"}}
{"__type":"$$EventMessageWorkflow","id":"f8dcba77-95d4-4d0b-b92a-46dcb06e8412","ts":"2025-11-15T22:05:37.250+00:00","eventName":"n8n.workflow.success","message":"n8n.workflow.success","payload":{"userId":"316d4b32-7150-4ad3-898f-4eb9576d71a3","executionId":"12","success":true,"isManual":true,"workflowId":"qMJZONIR2ik6rTj9","workflowName":"My workflow"}}
{"__type":"$$EventMessageConfirm","confirm":"f8dcba77-95d4-4d0b-b92a-46dcb06e8412","ts":"2025-11-15T22:05:37.251+00:00","source":{"id":"0","name":"eventBus"}}
{"__type":"$$EventMessageAudit","id":"09ed04a1-0c74-4bb3-abcf-09bd136aadfe","ts":"2025-11-15T22:06:23.929+00:00","eventName":"n8n.audit.workflow.updated","message":"n8n.audit.workflow.updated","payload":{"userId":"316d4b32-7150-4ad3-898f-4eb9576d71a3","_email":"alex@truthengineering.xyz","_firstName":"Alex","_lastName":"Hamben","globalRole":"global:owner","workflowId":"qMJZONIR2ik6rTj9","workflowName":"My workflow"}}
{"__type":"$$EventMessageConfirm","confirm":"09ed04a1-0c74-4bb3-abcf-09bd136aadfe","ts":"2025-11-15T22:06:23.929+00:00","source":{"id":"0","name":"eventBus"}}
