{"__type":"$$EventMessageAudit","id":"3dcef2e0-3385-4179-9064-ab74f0764def","ts":"2025-11-15T21:33:16.381+00:00","eventName":"n8n.audit.workflow.created","message":"n8n.audit.workflow.created","payload":{"userId":"316d4b32-7150-4ad3-898f-4eb9576d71a3","_email":"alex@truthengineering.xyz","_firstName":"Alex","_lastName":"Hamben","globalRole":"global:owner","workflowId":"qMJZONIR2ik6rTj9","workflowName":"My workflow"}}
{"__type":"$$EventMessageConfirm","confirm":"3dcef2e0-3385-4179-9064-ab74f0764def","ts":"2025-11-15T21:33:16.382+00:00","source":{"id":"0","name":"eventBus"}}
{"__type":"$$EventMessageWorkflow","id":"224fca23-8c78-4b33-a601-7dc50b9a4151","ts":"2025-11-15T21:33:16.496+00:00","eventName":"n8n.workflow.failed","message":"n8n.workflow.failed","payload":{"userId":"316d4b32-7150-4ad3-898f-4eb9576d71a3","executionId":"1","success":false,"isManual":true,"workflowId":"qMJZONIR2ik6rTj9","workflowName":"My workflow","errorMessage":"The workflow has issues and cannot be executed for that reason. Please fix them first."}}
{"__type":"$$EventMessageConfirm","confirm":"224fca23-8c78-4b33-a601-7dc50b9a4151","ts":"2025-11-15T21:33:16.496+00:00","source":{"id":"0","name":"eventBus"}}
{"__type":"$$EventMessageWorkflow","id":"1e80fae0-9566-4189-be02-eee77b7aace6","ts":"2025-11-15T21:33:26.952+00:00","eventName":"n8n.workflow.started","message":"n8n.workflow.started","payload":{"executionId":"2","workflowId":"qMJZONIR2ik6rTj9","isManual":false,"workflowName":"My workflow"}}
{"__type":"$$EventMessageConfirm","confirm":"1e80fae0-9566-4189-be02-eee77b7aace6","ts":"2025-11-15T21:33:26.952+00:00","source":{"id":"0","name":"eventBus"}}
{"__type":"$$EventMessageNode","id":"b66fce72-e0a9-4dd7-a474-72e8179f9389","ts":"2025-11-15T21:33:26.954+00:00","eventName":"n8n.node.started","message":"n8n.node.started","payload":{"workflowId":"qMJZONIR2ik6rTj9","workflowName":"My workflow","executionId":"2","nodeType":"n8n-nodes-base.manualTrigger","nodeName":"When clicking ‘Execute workflow’","nodeId":"1f44f7b2-e60b-40d2-b8b0-40ccf35e33e1"}}
{"__type":"$$EventMessageConfirm","confirm":"b66fce72-e0a9-4dd7-a474-72e8179f9389","ts":"2025-11-15T21:33:26.954+00:00","source":{"id":"0","name":"eventBus"}}
{"__type":"$$EventMessageNode","id":"f5237683-7de0-4c75-b22c-28815a787fb1","ts":"2025-11-15T21:33:26.960+00:00","eventName":"n8n.node.finished","message":"n8n.node.finished","payload":{"workflowId":"qMJZONIR2ik6rTj9","workflowName":"My workflow","executionId":"2","nodeType":"n8n-nodes-base.manualTrigger","nodeName":"When clicking ‘Execute workflow’","nodeId":"1f44f7b2-e60b-40d2-b8b0-40ccf35e33e1"}}
{"__type":"$$EventMessageConfirm","confirm":"f5237683-7de0-4c75-b22c-28815a787fb1","ts":"2025-11-15T21:33:26.960+00:00","source":{"id":"0","name":"eventBus"}}
{"__type":"$$EventMessageNode","id":"03dca547-761f-4f65-93e5-68afb70329fc","ts":"2025-11-15T21:33:26.961+00:00","eventName":"n8n.node.started","message":"n8n.node.started","payload":{"workflowId":"qMJZONIR2ik6rTj9","workflowName":"My workflow","executionId":"2","nodeType":"n8n-nodes-base.executeCommand","nodeName":"Execute Command","nodeId":"e9aebd62-9f8a-4fec-91b5-785c8209c54a"}}
{"__type":"$$EventMessageConfirm","confirm":"03dca547-761f-4f65-93e5-68afb70329fc","ts":"2025-11-15T21:33:26.961+00:00","source":{"id":"0","name":"eventBus"}}
{"__type":"$$EventMessageNode","id":"f42d4035-623a-431d-a153-f9e4d16da624","ts":"2025-11-15T21:33:26.969+00:00","eventName":"n8n.node.finished","message":"n8n.node.finished","payload":{"workflowId":"qMJZONIR2ik6rTj9","workflowName":"My workflow","executionId":"2","nodeType":"n8n-nodes-base.executeCommand","nodeName":"Execute Command","nodeId":"e9aebd62-9f8a-4fec-91b5-785c8209c54a"}}
{"__type":"$$EventMessageConfirm","confirm":"f42d4035-623a-431d-a153-f9e4d16da624","ts":"2025-11-15T21:33:26.969+00:00","source":{"id":"0","name":"eventBus"}}
{"__type":"$$EventMessageWorkflow","id":"a48be8c2-fda5-4da7-bd46-8aeaad528584","ts":"2025-11-15T21:33:26.973+00:00","eventName":"n8n.workflow.failed","message":"n8n.workflow.failed","payload":{"userId":"316d4b32-7150-4ad3-898f-4eb9576d71a3","executionId":"2","success":false,"isManual":true,"workflowId":"qMJZONIR2ik6rTj9","workflowName":"My workflow","lastNodeExecuted":"Execute Command","errorNodeType":"n8n-nodes-base.executeCommand","errorMessage":"Command failed: docker exec instagram_mcp python src/mcp_client.py --send-message \"@username\" \"Hello from n8n!\"\n/bin/sh: docker: not found\n"}}
{"__type":"$$EventMessageConfirm","confirm":"a48be8c2-fda5-4da7-bd46-8aeaad528584","ts":"2025-11-15T21:33:26.973+00:00","source":{"id":"0","name":"eventBus"}}
{"__type":"$$EventMessageWorkflow","id":"30b7c54f-f990-4012-b025-fc3a3a7e0863","ts":"2025-11-15T21:34:25.568+00:00","eventName":"n8n.workflow.started","message":"n8n.workflow.started","payload":{"executionId":"3","workflowId":"qMJZONIR2ik6rTj9","isManual":false,"workflowName":"My workflow"}}
{"__type":"$$EventMessageConfirm","confirm":"30b7c54f-f990-4012-b025-fc3a3a7e0863","ts":"2025-11-15T21:34:25.568+00:00","source":{"id":"0","name":"eventBus"}}
{"__type":"$$EventMessageNode","id":"e65e697d-5447-47b6-ac3a-4a09ed66244d","ts":"2025-11-15T21:34:25.568+00:00","eventName":"n8n.node.started","message":"n8n.node.started","payload":{"workflowId":"qMJZONIR2ik6rTj9","workflowName":"My workflow","executionId":"3","nodeType":"n8n-nodes-base.httpRequest","nodeName":"HTTP Request","nodeId":"f6b7b016-133c-4985-a653-84434d40e62c"}}
{"__type":"$$EventMessageConfirm","confirm":"e65e697d-5447-47b6-ac3a-4a09ed66244d","ts":"2025-11-15T21:34:25.568+00:00","source":{"id":"0","name":"eventBus"}}
{"__type":"$$EventMessageNode","id":"eb59feaa-b977-4642-8ddf-ef63801bf7cf","ts":"2025-11-15T21:34:25.579+00:00","eventName":"n8n.node.finished","message":"n8n.node.finished","payload":{"workflowId":"qMJZONIR2ik6rTj9","workflowName":"My workflow","executionId":"3","nodeType":"n8n-nodes-base.httpRequest","nodeName":"HTTP Request","nodeId":"f6b7b016-133c-4985-a653-84434d40e62c"}}
{"__type":"$$EventMessageConfirm","confirm":"eb59feaa-b977-4642-8ddf-ef63801bf7cf","ts":"2025-11-15T21:34:25.579+00:00","source":{"id":"0","name":"eventBus"}}
{"__type":"$$EventMessageWorkflow","id":"5003dd84-b9b8-42d0-b5ac-4fa9a93296ba","ts":"2025-11-15T21:34:25.581+00:00","eventName":"n8n.workflow.failed","message":"n8n.workflow.failed","payload":{"userId":"316d4b32-7150-4ad3-898f-4eb9576d71a3","executionId":"3","success":false,"isManual":true,"workflowId":"qMJZONIR2ik6rTj9","workflowName":"My workflow","lastNodeExecuted":"HTTP Request","errorNodeType":"n8n-nodes-base.httpRequest","errorMessage":"JSON parameter needs to be valid JSON"}}
{"__type":"$$EventMessageConfirm","confirm":"5003dd84-b9b8-42d0-b5ac-4fa9a93296ba","ts":"2025-11-15T21:34:25.581+00:00","source":{"id":"0","name":"eventBus"}}
{"__type":"$$EventMessageWorkflow","id":"8af1765f-a735-4f1f-886d-315c2137727a","ts":"2025-11-15T21:34:32.884+00:00","eventName":"n8n.workflow.started","message":"n8n.workflow.started","payload":{"executionId":"4","workflowId":"qMJZONIR2ik6rTj9","isManual":false,"workflowName":"My workflow"}}
{"__type":"$$EventMessageConfirm","confirm":"8af1765f-a735-4f1f-886d-315c2137727a","ts":"2025-11-15T21:34:32.884+00:00","source":{"id":"0","name":"eventBus"}}
{"__type":"$$EventMessageNode","id":"22214e05-0d22-46b7-b191-fabf281001b9","ts":"2025-11-15T21:34:32.884+00:00","eventName":"n8n.node.started","message":"n8n.node.started","payload":{"workflowId":"qMJZONIR2ik6rTj9","workflowName":"My workflow","executionId":"4","nodeType":"n8n-nodes-base.httpRequest","nodeName":"HTTP Request","nodeId":"f6b7b016-133c-4985-a653-84434d40e62c"}}
{"__type":"$$EventMessageConfirm","confirm":"22214e05-0d22-46b7-b191-fabf281001b9","ts":"2025-11-15T21:34:32.884+00:00","source":{"id":"0","name":"eventBus"}}
{"__type":"$$EventMessageNode","id":"92295da8-6ba5-4211-b30f-f89e07b98c97","ts":"2025-11-15T21:34:32.938+00:00","eventName":"n8n.node.finished","message":"n8n.node.finished","payload":{"workflowId":"qMJZONIR2ik6rTj9","workflowName":"My workflow","executionId":"4","nodeType":"n8n-nodes-base.httpRequest","nodeName":"HTTP Request","nodeId":"f6b7b016-133c-4985-a653-84434d40e62c"}}
{"__type":"$$EventMessageConfirm","confirm":"92295da8-6ba5-4211-b30f-f89e07b98c97","ts":"2025-11-15T21:34:32.938+00:00","source":{"id":"0","name":"eventBus"}}
{"__type":"$$EventMessageWorkflow","id":"4fc97fc1-aa01-42ca-86a5-d9253ef753b9","ts":"2025-11-15T21:34:32.938+00:00","eventName":"n8n.workflow.failed","message":"n8n.workflow.failed","payload":{"userId":"316d4b32-7150-4ad3-898f-4eb9576d71a3","executionId":"4","success":false,"isManual":true,"workflowId":"qMJZONIR2ik6rTj9","workflowName":"My workflow","lastNodeExecuted":"HTTP Request","errorNodeType":"n8n-nodes-base.httpRequest","errorMessage":"The connection cannot be established, this usually occurs due to an incorrect host (domain) value"}}
{"__type":"$$EventMessageConfirm","confirm":"4fc97fc1-aa01-42ca-86a5-d9253ef753b9","ts":"2025-11-15T21:34:32.938+00:00","source":{"id":"0","name":"eventBus"}}
{"__type":"$$EventMessageWorkflow","id":"4c53612c-0e1e-4653-be60-8df0ce5a4365","ts":"2025-11-15T21:34:56.195+00:00","eventName":"n8n.workflow.started","message":"n8n.workflow.started","payload":{"executionId":"5","workflowId":"qMJZONIR2ik6rTj9","isManual":false,"workflowName":"My workflow"}}
{"__type":"$$EventMessageConfirm","confirm":"4c53612c-0e1e-4653-be60-8df0ce5a4365","ts":"2025-11-15T21:34:56.195+00:00","source":{"id":"0","name":"eventBus"}}
{"__type":"$$EventMessageNode","id":"48c6f9b4-8636-4e01-a737-a74176de94f9","ts":"2025-11-15T21:34:56.196+00:00","eventName":"n8n.node.started","message":"n8n.node.started","payload":{"workflowId":"qMJZONIR2ik6rTj9","workflowName":"My workflow","executionId":"5","nodeType":"n8n-nodes-base.httpRequest","nodeName":"HTTP Request","nodeId":"f6b7b016-133c-4985-a653-84434d40e62c"}}
{"__type":"$$EventMessageConfirm","confirm":"48c6f9b4-8636-4e01-a737-a74176de94f9","ts":"2025-11-15T21:34:56.196+00:00","source":{"id":"0","name":"eventBus"}}
{"__type":"$$EventMessageNode","id":"fa477733-a724-4417-8cc4-2bea39bc7508","ts":"2025-11-15T21:34:56.197+00:00","eventName":"n8n.node.finished","message":"n8n.node.finished","payload":{"workflowId":"qMJZONIR2ik6rTj9","workflowName":"My workflow","executionId":"5","nodeType":"n8n-nodes-base.httpRequest","nodeName":"HTTP Request","nodeId":"f6b7b016-133c-4985-a653-84434d40e62c"}}
{"__type":"$$EventMessageConfirm","confirm":"fa477733-a724-4417-8cc4-2bea39bc7508","ts":"2025-11-15T21:34:56.197+00:00","source":{"id":"0","name":"eventBus"}}
{"__type":"$$EventMessageWorkflow","id":"1debc99c-50b6-435a-a1ef-16ee306ed087","ts":"2025-11-15T21:34:56.199+00:00","eventName":"n8n.workflow.failed","message":"n8n.workflow.failed","payload":{"userId":"316d4b32-7150-4ad3-898f-4eb9576d71a3","executionId":"5","success":false,"isManual":true,"workflowId":"qMJZONIR2ik6rTj9","workflowName":"My workflow","lastNodeExecuted":"HTTP Request","errorNodeType":"n8n-nodes-base.httpRequest","errorMessage":"Invalid URL: 5000:5001/send_message. URL must start with \"http\" or \"https\"."}}
{"__type":"$$EventMessageConfirm","confirm":"1debc99c-50b6-435a-a1ef-16ee306ed087","ts":"2025-11-15T21:34:56.199+00:00","source":{"id":"0","name":"eventBus"}}
{"__type":"$$EventMessageWorkflow","id":"6d42a974-55e2-4592-be72-c100004bf46a","ts":"2025-11-15T21:35:02.534+00:00","eventName":"n8n.workflow.started","message":"n8n.workflow.started","payload":{"executionId":"6","workflowId":"qMJZONIR2ik6rTj9","isManual":false,"workflowName":"My workflow"}}
{"__type":"$$EventMessageConfirm","confirm":"6d42a974-55e2-4592-be72-c100004bf46a","ts":"2025-11-15T21:35:02.534+00:00","source":{"id":"0","name":"eventBus"}}
{"__type":"$$EventMessageNode","id":"1b836670-578a-473c-aa6d-7ebb50efdea9","ts":"2025-11-15T21:35:02.534+00:00","eventName":"n8n.node.started","message":"n8n.node.started","payload":{"workflowId":"qMJZONIR2ik6rTj9","workflowName":"My workflow","executionId":"6","nodeType":"n8n-nodes-base.httpRequest","nodeName":"HTTP Request","nodeId":"f6b7b016-133c-4985-a653-84434d40e62c"}}
{"__type":"$$EventMessageConfirm","confirm":"1b836670-578a-473c-aa6d-7ebb50efdea9","ts":"2025-11-15T21:35:02.534+00:00","source":{"id":"0","name":"eventBus"}}
{"__type":"$$EventMessageNode","id":"0c3c7e56-cce0-4b99-bfd5-2bfd3a6701ac","ts":"2025-11-15T21:35:02.542+00:00","eventName":"n8n.node.finished","message":"n8n.node.finished","payload":{"workflowId":"qMJZONIR2ik6rTj9","workflowName":"My workflow","executionId":"6","nodeType":"n8n-nodes-base.httpRequest","nodeName":"HTTP Request","nodeId":"f6b7b016-133c-4985-a653-84434d40e62c"}}
{"__type":"$$EventMessageConfirm","confirm":"0c3c7e56-cce0-4b99-bfd5-2bfd3a6701ac","ts":"2025-11-15T21:35:02.542+00:00","source":{"id":"0","name":"eventBus"}}
{"__type":"$$EventMessageWorkflow","id":"10bd6417-48aa-4093-91d4-971bc159df98","ts":"2025-11-15T21:35:02.544+00:00","eventName":"n8n.workflow.failed","message":"n8n.workflow.failed","payload":{"userId":"316d4b32-7150-4ad3-898f-4eb9576d71a3","executionId":"6","success":false,"isManual":true,"workflowId":"qMJZONIR2ik6rTj9","workflowName":"My workflow","lastNodeExecuted":"HTTP Request","errorNodeType":"n8n-nodes-base.httpRequest","errorMessage":"The service refused the connection - perhaps it is offline"}}
{"__type":"$$EventMessageConfirm","confirm":"10bd6417-48aa-4093-91d4-971bc159df98","ts":"2025-11-15T21:35:02.545+00:00","source":{"id":"0","name":"eventBus"}}
{"__type":"$$EventMessageWorkflow","id":"fea44beb-827d-4557-ac67-7dbb01e2f166","ts":"2025-11-15T21:54:01.327+00:00","eventName":"n8n.workflow.started","message":"n8n.workflow.started","payload":{"executionId":"7","workflowId":"qMJZONIR2ik6rTj9","isManual":false,"workflowName":"My workflow"}}
{"__type":"$$EventMessageConfirm","confirm":"fea44beb-827d-4557-ac67-7dbb01e2f166","ts":"2025-11-15T21:54:01.327+00:00","source":{"id":"0","name":"eventBus"}}
{"__type":"$$EventMessageNode","id":"8d431a5b-a50e-431d-85df-844fd13b057f","ts":"2025-11-15T21:54:01.328+00:00","eventName":"n8n.node.started","message":"n8n.node.started","payload":{"workflowId":"qMJZONIR2ik6rTj9","workflowName":"My workflow","executionId":"7","nodeType":"n8n-nodes-base.httpRequest","nodeName":"HTTP Request","nodeId":"f6b7b016-133c-4985-a653-84434d40e62c"}}
{"__type":"$$EventMessageConfirm","confirm":"8d431a5b-a50e-431d-85df-844fd13b057f","ts":"2025-11-15T21:54:01.328+00:00","source":{"id":"0","name":"eventBus"}}
{"__type":"$$EventMessageNode","id":"e0464f8f-2057-4b50-8ec5-20a713dbb351","ts":"2025-11-15T21:54:01.338+00:00","eventName":"n8n.node.finished","message":"n8n.node.finished","payload":{"workflowId":"qMJZONIR2ik6rTj9","workflowName":"My workflow","executionId":"7","nodeType":"n8n-nodes-base.httpRequest","nodeName":"HTTP Request","nodeId":"f6b7b016-133c-4985-a653-84434d40e62c"}}
{"__type":"$$EventMessageConfirm","confirm":"e0464f8f-2057-4b50-8ec5-20a713dbb351","ts":"2025-11-15T21:54:01.338+00:00","source":{"id":"0","name":"eventBus"}}
{"__type":"$$EventMessageWorkflow","id":"2ecae730-00bb-4b0d-ae7e-d6a9ea35a77e","ts":"2025-11-15T21:54:01.341+00:00","eventName":"n8n.workflow.failed","message":"n8n.workflow.failed","payload":{"userId":"316d4b32-7150-4ad3-898f-4eb9576d71a3","executionId":"7","success":false,"isManual":true,"workflowId":"qMJZONIR2ik6rTj9","workflowName":"My workflow","lastNodeExecuted":"HTTP Request","errorNodeType":"n8n-nodes-base.httpRequest","errorMessage":"The service refused the connection - perhaps it is offline"}}
{"__type":"$$EventMessageConfirm","confirm":"2ecae730-00bb-4b0d-ae7e-d6a9ea35a77e","ts":"2025-11-15T21:54:01.341+00:00","source":{"id":"0","name":"eventBus"}}
{"__type":"$$EventMessageWorkflow","id":"3f09951a-3457-4c6f-ad5f-176d5af3448f","ts":"2025-11-15T21:54:47.720+00:00","eventName":"n8n.workflow.started","message":"n8n.workflow.started","payload":{"executionId":"8","workflowId":"qMJZONIR2ik6rTj9","isManual":false,"workflowName":"My workflow"}}
{"__type":"$$EventMessageConfirm","confirm":"3f09951a-3457-4c6f-ad5f-176d5af3448f","ts":"2025-11-15T21:54:47.720+00:00","source":{"id":"0","name":"eventBus"}}
{"__type":"$$EventMessageNode","id":"5d936cb8-ad90-4f55-931d-82c7ef4fc32a","ts":"2025-11-15T21:54:47.720+00:00","eventName":"n8n.node.started","message":"n8n.node.started","payload":{"workflowId":"qMJZONIR2ik6rTj9","workflowName":"My workflow","executionId":"8","nodeType":"n8n-nodes-base.httpRequest","nodeName":"HTTP Request","nodeId":"f6b7b016-133c-4985-a653-84434d40e62c"}}
{"__type":"$$EventMessageConfirm","confirm":"5d936cb8-ad90-4f55-931d-82c7ef4fc32a","ts":"2025-11-15T21:54:47.721+00:00","source":{"id":"0","name":"eventBus"}}
{"__type":"$$EventMessageNode","id":"29e287f0-2ed3-46aa-8d72-88ac9ff103c6","ts":"2025-11-15T21:54:47.728+00:00","eventName":"n8n.node.finished","message":"n8n.node.finished","payload":{"workflowId":"qMJZONIR2ik6rTj9","workflowName":"My workflow","executionId":"8","nodeType":"n8n-nodes-base.httpRequest","nodeName":"HTTP Request","nodeId":"f6b7b016-133c-4985-a653-84434d40e62c"}}
{"__type":"$$EventMessageConfirm","confirm":"29e287f0-2ed3-46aa-8d72-88ac9ff103c6","ts":"2025-11-15T21:54:47.728+00:00","source":{"id":"0","name":"eventBus"}}
{"__type":"$$EventMessageWorkflow","id":"6e3f6a52-f9b3-49d4-b9b8-ddf28e8f8d75","ts":"2025-11-15T21:54:47.730+00:00","eventName":"n8n.workflow.failed","message":"n8n.workflow.failed","payload":{"userId":"316d4b32-7150-4ad3-898f-4eb9576d71a3","executionId":"8","success":false,"isManual":true,"workflowId":"qMJZONIR2ik6rTj9","workflowName":"My workflow","lastNodeExecuted":"HTTP Request","errorNodeType":"n8n-nodes-base.httpRequest","errorMessage":"The connection cannot be established, this usually occurs due to an incorrect host (domain) value"}}
{"__type":"$$EventMessageConfirm","confirm":"6e3f6a52-f9b3-49d4-b9b8-ddf28e8f8d75","ts":"2025-11-15T21:54:47.730+00:00","source":{"id":"0","name":"eventBus"}}
